[Tue Mar  3 18:32:03 2015] : Read UID : ADC1DDFE
[Tue Mar  3 18:32:03 2015] : Argent restant : 

[Tue Mar  3 18:32:03 2015] : 500 groseilles 
[Tue Mar  3 18:32:57 2015] : Read UID : ADC1DDFE
[Tue Mar  3 18:32:57 2015] : Argent restant : 

[Tue Mar  3 18:32:57 2015] : 500 groseilles 
[Tue Mar  3 18:32:58 2015] : Read UID : ADC1DDFE
[Tue Mar  3 18:33:40 2015] : Read UID : ADC1DDFE
[Tue Mar  3 18:33:40 2015] : Argent restant : 

[Tue Mar  3 18:33:40 2015] : 500 groseilles 
[Tue Mar  3 18:33:41 2015] : Read UID : ADC1DDFE
[Tue Mar  3 18:33:41 2015] : 42 groseilles ont été prélevées
[Tue Mar  3 18:33:42 2015] : Read UID : ADC1DDFE
[Tue Mar  3 18:33:42 2015] : Argent restant : 

[Tue Mar  3 18:33:42 2015] : 500 groseilles 
[Tue Mar  3 18:33:43 2015] : Read UID : ADC1DDFE
[Tue Mar  3 18:33:43 2015] : 42 groseilles ont été prélevées
[Tue Mar  3 18:33:44 2015] : Read UID : ADC1DDFE
[Tue Mar  3 18:33:44 2015] : Argent restant : 

[Tue Mar  3 18:33:44 2015] : 500 groseilles 
[Tue Mar  3 18:33:45 2015] : Read UID : ADC1DDFE
[Tue Mar  3 18:33:45 2015] : 42 groseilles ont été prélevées
[Tue Mar  3 18:33:47 2015] : Read UID : ADC1DDFE
[Tue Mar  3 18:33:47 2015] : Argent restant : 

[Tue Mar  3 18:33:47 2015] : 500 groseilles 
[Tue Mar  3 18:34:00 2015] : Read UID : ADC1DDFE
[Tue Mar  3 18:34:00 2015] : Argent restant : 

[Tue Mar  3 18:34:00 2015] : 500 groseilles 
[Tue Mar  3 18:34:01 2015] : Read UID : ADC1DDFE
[Tue Mar  3 18:34:01 2015] : 42 groseilles ont été prélevées
[Tue Mar  3 18:34:06 2015] : Read UID : ADC1DDFE
[Tue Mar  3 18:34:06 2015] : Argent restant : 

[Tue Mar  3 18:34:06 2015] : 500 groseilles 
[Tue Mar  3 18:34:09 2015] : Read UID : ADC1DDFE
[Tue Mar  3 18:34:09 2015] : 42 groseilles ont été prélevées
[Tue Mar  3 18:34:14 2015] : Read UID : ADC1DDFE
[Tue Mar  3 18:34:14 2015] : Argent restant : 

[Tue Mar  3 18:34:14 2015] : 500 groseilles 
[Tue Mar  3 18:34:16 2015] : Read UID : ADC1DDFE
[Tue Mar  3 18:34:16 2015] : 42 groseilles ont été prélevées
[Tue Mar  3 18:34:23 2015] : Read UID : ADC1DDFE
[Tue Mar  3 18:34:23 2015] : Argent restant : 

[Tue Mar  3 18:34:23 2015] : 500 groseilles 
[Tue Mar  3 18:34:26 2015] : Read UID : ADC1DDFE
[Tue Mar  3 18:34:26 2015] : 42 groseilles ont été prélevées
[Tue Mar  3 18:34:33 2015] : Read UID : 24423847
[Tue Mar  3 18:34:33 2015] : Argent restant : 

[Tue Mar  3 18:34:33 2015] : 500 groseilles 
[Tue Mar  3 18:34:35 2015] : Read UID : ADC1DDFE
[Tue Mar  3 18:34:35 2015] : Read UID : ADC1DDFE
[Tue Mar  3 18:34:35 2015] : Read UID : ADC1DDFE
[Tue Mar  3 18:34:35 2015] : Read UID : ADC1DDFE
[Tue Mar  3 18:34:35 2015] : Read UID : ADC1DDFE
[Tue Mar  3 18:34:35 2015] : Read UID : ADC1DDFE
[Tue Mar  3 18:34:35 2015] : Read UID : ADC1DDFE
[Tue Mar  3 18:34:35 2015] : Read UID : ADC1DDFE
[Tue Mar  3 18:34:35 2015] : Read UID : ADC1DDFE
[Tue Mar  3 18:34:35 2015] : Read UID : ADC1DDFE
[Tue Mar  3 18:34:35 2015] : Read UID : ADC1DDFE
[Tue Mar  3 18:34:35 2015] : Read UID : ADC1DDFE
[Tue Mar  3 18:34:35 2015] : Read UID : ADC1DDFE
[Tue Mar  3 18:34:35 2015] : Read UID : ADC1DDFE
[Tue Mar  3 18:34:36 2015] : Read UID : ADC1DDFE
[Tue Mar  3 18:34:37 2015] : Read UID : ADC1DDFE
[Tue Mar  3 18:34:37 2015] : Read UID : ADC1DDFE
[Tue Mar  3 18:34:37 2015] : Read UID : ADC1DDFE
[Tue Mar  3 18:34:37 2015] : Read UID : ADC1DDFE
[Tue Mar  3 18:34:37 2015] : Read UID : ADC1DDFE
[Tue Mar  3 18:34:37 2015] : Read UID : ADC1DDFE
[Tue Mar  3 18:34:37 2015] : Read UID : ADC1DDFE
[Tue Mar  3 18:34:37 2015] : Read UID : ADC1DDFE
[Tue Mar  3 18:34:37 2015] : Read UID : ADC1DDFE
[Tue Mar  3 18:34:37 2015] : Read UID : ADC1DDFE
[Tue Mar  3 18:34:38 2015] : Read UID : ADC1DDFE
[Tue Mar  3 18:34:38 2015] : Read UID : ADC1DDFE
[Tue Mar  3 18:34:38 2015] : Read UID : ADC1DDFE
[Tue Mar  3 18:34:38 2015] : Read UID : ADC1DDFE
[Tue Mar  3 18:34:38 2015] : Read UID : ADC1DDFE
[Tue Mar  3 18:34:38 2015] : Read UID : ADC1DDFE
[Tue Mar  3 18:34:38 2015] : Read UID : ADC1DDFE
[Tue Mar  3 18:34:38 2015] : Read UID : None
[Tue Mar  3 18:34:42 2015] : Read UID : 24423847
[Tue Mar  3 18:34:42 2015] : Argent restant : 

[Tue Mar  3 18:34:42 2015] : 500 groseilles 
[Tue Mar  3 18:34:44 2015] : Read UID : 24423847
[Tue Mar  3 18:34:44 2015] : 42 groseilles ont été prélevées
